<?xml version="1.0" encoding="UTF-8"?>
<!-- Generated by org.testng.reporters.JUnitReportReporter -->
<testsuite skipped="0" hostname="LAPTOP-OA3261GH" name="org.test.TestNG" tests="1" failures="0" timestamp="01 Nov 2021 07:46:14 GMT" time="0.000" errors="0">
  <testcase name="test2" time="0.000" classname="org.test.TestNG"/>
</testsuite> <!-- org.test.TestNG -->
