<?xml version="1.0" encoding="UTF-8"?>
<!-- Generated by org.testng.reporters.JUnitReportReporter -->
<testsuite skipped="0" hostname="LAPTOP-OA3261GH" name="org.test.TestNGAdactin" tests="1" failures="0" timestamp="03 Nov 2021 03:54:16 GMT" time="16.824" errors="0">
  <testcase name="tc1" time="16.824" classname="org.test.TestNGAdactin"/>
</testsuite> <!-- org.test.TestNGAdactin -->
